Using pre-set license
Built from '6000.0/staging' branch; Version is '6000.0.39f1 (15ea7ed0b100) revision 1436286'; Using compiler version '193933523'; Build Type 'Release'
OS: 'Windows 11  (10.0.26100) 64bit CoreSingleLanguage' Language: 'en' Physical Memory: 3871 MB
BatchMode: 1, IsHumanControllingUs: 0, StartBugReporterOnCrash: 0, Is64bit: 1, IsPro: 1

COMMAND LINE ARGUMENTS:
C:\Program Files\Unity\Hub\Editor\6000.0.39f1\Editor\Unity.exe
-adb2
-batchMode
-noUpm
-name
AssetImportWorker1
-projectPath
C:/Users/iniha/UmbrellaGame
-logFile
Logs/AssetImportWorker1.log
-srvPort
59452
-job-worker-count
1
-background-job-worker-count
8
-gc-helper-count
1
Successfully changed project path to: C:/Users/iniha/UmbrellaGame
C:/Users/iniha/UmbrellaGame
[UnityMemory] Configuration Parameters - Can be set up in boot.config
    "memorysetup-bucket-allocator-granularity=16"
    "memorysetup-bucket-allocator-bucket-count=8"
    "memorysetup-bucket-allocator-block-size=33554432"
    "memorysetup-bucket-allocator-block-count=8"
    "memorysetup-main-allocator-block-size=16777216"
    "memorysetup-thread-allocator-block-size=16777216"
    "memorysetup-gfx-main-allocator-block-size=16777216"
    "memorysetup-gfx-thread-allocator-block-size=16777216"
    "memorysetup-cache-allocator-block-size=4194304"
    "memorysetup-typetree-allocator-block-size=2097152"
    "memorysetup-profiler-bucket-allocator-granularity=16"
    "memorysetup-profiler-bucket-allocator-bucket-count=8"
    "memorysetup-profiler-bucket-allocator-block-size=33554432"
    "memorysetup-profiler-bucket-allocator-block-count=8"
    "memorysetup-profiler-allocator-block-size=16777216"
    "memorysetup-profiler-editor-allocator-block-size=1048576"
    "memorysetup-temp-allocator-size-main=16777216"
    "memorysetup-job-temp-allocator-block-size=2097152"
    "memorysetup-job-temp-allocator-block-size-background=1048576"
    "memorysetup-job-temp-allocator-reduction-small-platforms=262144"
    "memorysetup-allocator-temp-initial-block-size-main=262144"
    "memorysetup-allocator-temp-initial-block-size-worker=262144"
    "memorysetup-temp-allocator-size-background-worker=32768"
    "memorysetup-temp-allocator-size-job-worker=262144"
    "memorysetup-temp-allocator-size-preload-manager=33554432"
    "memorysetup-temp-allocator-size-nav-mesh-worker=65536"
    "memorysetup-temp-allocator-size-audio-worker=65536"
    "memorysetup-temp-allocator-size-cloud-worker=32768"
    "memorysetup-temp-allocator-size-gi-baking-worker=262144"
    "memorysetup-temp-allocator-size-gi-baking-worker=262144"
    "memorysetup-temp-allocator-size-gi-baking-worker=262144"
    "memorysetup-temp-allocator-size-gi-baking-worker=262144"
    "memorysetup-temp-allocator-size-gi-baking-worker=262144"
    "memorysetup-temp-allocator-size-gfx=262144"
Player connection [10684]  Target information:

Player connection [10684]  * "[IP] 192.168.43.121 [Port] 0 [Flags] 2 [Guid] 819186962 [EditorId] 819186962 [Version] 1048832 [Id] WindowsEditor(7,M_ARI_RAHMAN) [Debug] 1 [PackageName] WindowsEditor [ProjectName] Editor" 

Player connection [10684] Host joined multi-casting on [225.0.0.222:54997]...
Player connection [10684] Host joined alternative multi-casting on [225.0.0.222:34997]...
JobSystem: Creating JobQueue using job-worker-count value 1
Input System module state changed to: Initialized.
[Physics::Module] Initialized fallback backend.
[Physics::Module] Id: 0xdecafbad
Library Redirect Path: Library/
[Physics::Module] Selected backend.
[Physics::Module] Name: PhysX
[Physics::Module] Id: 0xf2b8ea05
[Physics::Module] SDK Version: 4.1.2
[Physics::Module] Integration Version: 1.0.0
[Physics::Module] Threading Mode: Multi-Threaded
Refreshing native plugins compatible for Editor in 157.67 ms, found 3 plugins.
Preloading 0 native plugins for Editor in 0.00 ms.
Initialize engine version: 6000.0.39f1 (15ea7ed0b100)
[Subsystems] Discovering subsystems at path C:/Program Files/Unity/Hub/Editor/6000.0.39f1/Editor/Data/Resources/UnitySubsystems
[Subsystems] Discovering subsystems at path C:/Users/iniha/UmbrellaGame/Assets
GfxDevice: creating device client; kGfxThreadingModeNonThreaded
Direct3D:
    Version:  Direct3D 11.0 [level 11.1]
    Renderer: Intel(R) UHD Graphics (ID=0x4e55)
    Vendor:   Intel
    VRAM:     1935 MB
    Driver:   30.0.101.1273
Initialize mono
Mono path[0] = 'C:/Program Files/Unity/Hub/Editor/6000.0.39f1/Editor/Data/Managed'
Mono path[1] = 'C:/Program Files/Unity/Hub/Editor/6000.0.39f1/Editor/Data/MonoBleedingEdge/lib/mono/unityjit-win32'
Mono config path = 'C:/Program Files/Unity/Hub/Editor/6000.0.39f1/Editor/Data/MonoBleedingEdge/etc'
Using monoOptions --debugger-agent=transport=dt_socket,embedding=1,server=y,suspend=n,address=127.0.0.1:56568
Begin MonoManager ReloadAssembly
Registering precompiled unity dll's ...
Register platform support module: C:/Program Files/Unity/Hub/Editor/6000.0.39f1/Editor/Data/PlaybackEngines/WindowsStandaloneSupport/UnityEditor.WindowsStandalone.Extensions.dll
Registered in 0.122037 seconds.
- Loaded All Assemblies, in 31.797 seconds
Native extension for WindowsStandalone target not found
Mono: successfully reloaded assembly
- Finished resetting the current domain, in 24.574 seconds
Domain Reload Profiling: 56297ms
	BeginReloadAssembly (9524ms)
		ExecutionOrderSort (0ms)
		DisableScriptedObjects (0ms)
		BackupInstance (0ms)
		ReleaseScriptingObjects (0ms)
		CreateAndSetChildDomain (77ms)
	RebuildCommonClasses (883ms)
	RebuildNativeTypeToScriptingClass (152ms)
	initialDomainReloadingComplete (16012ms)
	LoadAllAssembliesAndSetupDomain (5139ms)
		LoadAssemblies (9126ms)
		RebuildTransferFunctionScriptingTraits (0ms)
		AnalyzeDomain (5060ms)
			TypeCache.Refresh (5044ms)
				TypeCache.ScanAssembly (4470ms)
			BuildScriptInfoCaches (5ms)
			ResolveRequiredComponents (5ms)
	FinalizeReload (24587ms)
		ReleaseScriptCaches (0ms)
		RebuildScriptCaches (0ms)
		SetupLoadedEditorAssemblies (22025ms)
			LogAssemblyErrors (0ms)
			InitializePlatformSupportModulesInManaged (338ms)
			SetLoadedEditorAssemblies (39ms)
			BeforeProcessingInitializeOnLoad (889ms)
			ProcessInitializeOnLoadAttributes (8501ms)
			ProcessInitializeOnLoadMethodAttributes (12254ms)
			AfterProcessingInitializeOnLoad (0ms)
			EditorAssembliesLoaded (3ms)
		ExecutionOrderSort2 (0ms)
		AwakeInstancesAfterBackupRestoration (0ms)
========================================================================
Worker process is ready to serve import requests
Import Worker Mode flag is 0x00
Begin MonoManager ReloadAssembly
- Loaded All Assemblies, in 60.329 seconds
Refreshing native plugins compatible for Editor in 1632.95 ms, found 3 plugins.
Native extension for WindowsStandalone target not found
Mono: successfully reloaded assembly
- Finished resetting the current domain, in 108.006 seconds
Domain Reload Profiling: 168288ms
	BeginReloadAssembly (33968ms)
		ExecutionOrderSort (0ms)
		DisableScriptedObjects (52ms)
		BackupInstance (0ms)
		ReleaseScriptingObjects (0ms)
		CreateAndSetChildDomain (355ms)
	RebuildCommonClasses (15810ms)
	RebuildNativeTypeToScriptingClass (1251ms)
	initialDomainReloadingComplete (1915ms)
	LoadAllAssembliesAndSetupDomain (7311ms)
		LoadAssemblies (33679ms)
		RebuildTransferFunctionScriptingTraits (0ms)
		AnalyzeDomain (3117ms)
			TypeCache.Refresh (2516ms)
				TypeCache.ScanAssembly (2375ms)
			BuildScriptInfoCaches (482ms)
			ResolveRequiredComponents (62ms)
	FinalizeReload (108032ms)
		ReleaseScriptCaches (0ms)
		RebuildScriptCaches (0ms)
		SetupLoadedEditorAssemblies (94187ms)
			LogAssemblyErrors (0ms)
			InitializePlatformSupportModulesInManaged (138ms)
			SetLoadedEditorAssemblies (76ms)
			BeforeProcessingInitializeOnLoad (4600ms)
			ProcessInitializeOnLoadAttributes (88053ms)
			ProcessInitializeOnLoadMethodAttributes (1019ms)
			AfterProcessingInitializeOnLoad (285ms)
			EditorAssembliesLoaded (16ms)
		ExecutionOrderSort2 (4ms)
		AwakeInstancesAfterBackupRestoration (277ms)
Launched and connected shader compiler UnityShaderCompiler.exe after 2.92 seconds
Refreshing native plugins compatible for Editor in 48.10 ms, found 3 plugins.
Preloading 0 native plugins for Editor in 0.00 ms.
Unloading 10 Unused Serialized files (Serialized files now loaded: 0)
Unloading 3706 unused Assets / (0.8 MB). Loaded Objects now: 4196.
Memory consumption went from 82.2 MB to 81.4 MB.
Total: 374.831300 ms (FindLiveObjects: 118.516900 ms CreateObjectMapping: 10.670400 ms MarkObjects: 216.934600 ms  DeleteObjects: 27.534300 ms)

========================================================================
Received Import Request.
  Time since last request: 643533.260319 seconds.
  path: Assets/MunculinVirus.cs
  artifactKey: Guid(bd9f3585a3acfc741ba26a8df433a1c1) Importer(815301076,1909f56bfc062723c751e8b465ee728b)
Start importing Assets/MunculinVirus.cs using Guid(bd9f3585a3acfc741ba26a8df433a1c1) Importer(815301076,1909f56bfc062723c751e8b465ee728b) (PreviewImporter) -> (artifact id: '00000000000000000000000000000000') in 0.3054846 seconds
Import Error Code:(4)
Message: Build asset version error: assets/munculinvirus.cs in SourceAssetDB has modification time of '2025-05-08T08:56:13.6751601Z' while content on disk has modification time of '2025-05-15T16:01:23.2237145Z'
  ERROR: Build asset version error: assets/munculinvirus.cs in SourceAssetDB has modification time of '2025-05-08T08:56:13.6751601Z' while content on disk has modification time of '2025-05-15T16:01:23.2237145Z'
Number of updated asset objects reloaded before import = 0Number of asset objects unloaded after import = 0

========================================================================
Received Import Request.
  Time since last request: 0.000132 seconds.
  path: Assets/GerakanPlayer.cs
  artifactKey: Guid(bbed9e2c80e3bf744bcb3a12a464ab46) Importer(815301076,1909f56bfc062723c751e8b465ee728b)
Start importing Assets/GerakanPlayer.cs using Guid(bbed9e2c80e3bf744bcb3a12a464ab46) Importer(815301076,1909f56bfc062723c751e8b465ee728b) (PreviewImporter) -> (artifact id: 'b8bd05514fcad7ee16b701dff64767df') in 0.0140951 seconds
Number of updated asset objects reloaded before import = 0Number of asset objects unloaded after import = 0

========================================================================
Received Import Request.
  Time since last request: 0.003000 seconds.
  path: Assets/Restart.cs
  artifactKey: Guid(47d79c27befc7ae498f6f3b900fc1046) Importer(815301076,1909f56bfc062723c751e8b465ee728b)
Start importing Assets/Restart.cs using Guid(47d79c27befc7ae498f6f3b900fc1046) Importer(815301076,1909f56bfc062723c751e8b465ee728b) (PreviewImporter) -> (artifact id: '698b2d18b72797ab357a14b3a7bf80ab') in 0.002873 seconds
Number of updated asset objects reloaded before import = 0Number of asset objects unloaded after import = 0

